#
# A fatal error has been detected by the Java Runtime Environment:
#
#  EXCEPTION_ACCESS_VIOLATION (0xc0000005) at pc=0x00007fff2af9267f, pid=25892, tid=24356
#
# JRE version: OpenJDK Runtime Environment Temurin-21.0.7+6 (21.0.7+6) (build 21.0.7+6-LTS)
# Java VM: OpenJDK 64-Bit Server VM Temurin-21.0.7+6 (21.0.7+6-LTS, mixed mode, sharing, tiered, compressed oops, compressed class ptrs, parallel gc, windows-amd64)
# Problematic frame:
# V  [jvm.dll+0x1e267f]
#
# No core dump will be written. Minidumps are not enabled by default on client versions of Windows
#
# If you would like to submit a bug report, please visit:
#   https://github.com/adoptium/adoptium-support/issues
#

---------------  S U M M A R Y ------------

Command Line: --add-modules=ALL-SYSTEM --add-opens=java.base/java.util=ALL-UNNAMED --add-opens=java.base/java.lang=ALL-UNNAMED --add-opens=java.base/sun.nio.fs=ALL-UNNAMED -Declipse.application=org.eclipse.jdt.ls.core.id1 -Dosgi.bundles.defaultStartLevel=4 -Declipse.product=org.eclipse.jdt.ls.core.product -Djava.import.generatesMetadataFilesAtProjectRoot=false -DDetectVMInstallationsJob.disabled=true -Dfile.encoding=utf8 -XX:+UseParallelGC -XX:GCTimeRatio=4 -XX:AdaptiveSizePolicyWeight=90 -Dsun.zip.disableMemoryMapping=true -Xmx1G -Xms100m -Xlog:disable -javaagent:c:\Users\Nonev3\.vscode\extensions\redhat.java-1.42.0-win32-x64\lombok\lombok-1.18.36.jar -XX:+HeapDumpOnOutOfMemoryError -XX:HeapDumpPath=c:\Users\Nonev3\AppData\Roaming\Code\User\workspaceStorage\797e0d315ea8daf1fa5f76b0f1fb882b\redhat.java -Daether.dependencyCollector.impl=bf c:\Users\Nonev3\.vscode\extensions\redhat.java-1.42.0-win32-x64\server\plugins\org.eclipse.equinox.launcher_1.7.0.v20250424-1814.jar -configuration c:\Users\Nonev3\AppData\Roaming\Code\User\globalStorage\redhat.java\1.42.0\config_win -data c:\Users\Nonev3\AppData\Roaming\Code\User\workspaceStorage\797e0d315ea8daf1fa5f76b0f1fb882b\redhat.java\jdt_ws --pipe=\\.\pipe\lsp-96d372f256608938989b4b628d2d9288-sock

Host: AMD Ryzen 5 2600 Six-Core Processor            , 12 cores, 15G,  Windows 10 , 64 bit Build 19041 (10.0.19041.5794)
Time: Sun May 25 18:54:08 2025 GTB Daylight Time elapsed time: 9.007084 seconds (0d 0h 0m 9s)

---------------  T H R E A D  ---------------

Current thread (0x00000206e1bb2690):  JavaThread "C2 CompilerThread0" daemon [_thread_in_native, id=24356, stack(0x0000009f77800000,0x0000009f77900000) (1024K)]


Current CompileTask:
C2:9007 7393   !   4       org.eclipse.jdt.internal.core.search.indexing.BinaryIndexer::indexDocument (1168 bytes)

Stack: [0x0000009f77800000,0x0000009f77900000],  sp=0x0000009f778fc860,  free space=1010k
Native frames: (J=compiled Java code, j=interpreted, Vv=VM code, C=native code)
V  [jvm.dll+0x1e267f]
V  [jvm.dll+0x382ac6]
V  [jvm.dll+0x381f0a]
V  [jvm.dll+0x247af0]
V  [jvm.dll+0x2470cf]
V  [jvm.dll+0x1c760e]
V  [jvm.dll+0x25695a]
V  [jvm.dll+0x254efa]
V  [jvm.dll+0x3f03f6]
V  [jvm.dll+0x851f6b]
V  [jvm.dll+0x6cc7dd]
C  [ucrtbase.dll+0x21bb2]
C  [KERNEL32.DLL+0x17374]
C  [ntdll.dll+0x4cc91]


siginfo: EXCEPTION_ACCESS_VIOLATION (0xc0000005), reading address 0xffffffffffffffff


Registers:
RAX=0x00000206e96e9930, RBX=0x0000000000000000, RCX=0x08000206e8b8c7c0, RDX=0x0000000000000000
RSP=0x0000009f778fc860, RBP=0x00000206e63bd580, RSI=0x0000009f778fc9e0, RDI=0xffffffffffffffff
R8 =0x00000000ffffffff, R9 =0x0000000000000000, R10=0x0000000000000008, R11=0x3333333333333333
R12=0x0000000000000029, R13=0x0000000000000148, R14=0x00000206e629e340, R15=0x00007fff2b9d67c0
RIP=0x00007fff2af9267f, EFLAGS=0x0000000000010283

XMM[0]=0x0000000000000000 0x3f980850a47ce107
XMM[1]=0x0000000000000000 0x4037781ec0a1f3c1
XMM[2]=0x0000000000000000 0x0000000000000000
XMM[3]=0x0000000000000000 0x0000000000000000
XMM[4]=0x0000000000000000 0x0000000000000000
XMM[5]=0x0000000000000000 0x0000000000000000
XMM[6]=0x0000000000000000 0x408f400000000000
XMM[7]=0x0000000000000000 0x0000000000000000
XMM[8]=0x0000000000000000 0x0000000000000000
XMM[9]=0x0000000000000000 0x0000000000000000
XMM[10]=0x0000000000000000 0x0000000000000000
XMM[11]=0x0000000000000000 0x0000000000000000
XMM[12]=0x0000000000000000 0x0000000000000000
XMM[13]=0x0000000000000000 0x0000000000000000
XMM[14]=0x0000000000000000 0x0000000000000000
XMM[15]=0x0000000000000000 0x0000000000000000
  MXCSR=0x00001fa0


Register to memory mapping:

RAX=0x00000206e96e9930 points into unknown readable memory: 0x0000000000000000 | 00 00 00 00 00 00 00 00
RBX=0x0 is null
RCX=0x08000206e8b8c7c0 is an unknown value
RDX=0x0 is null
RSP=0x0000009f778fc860 is pointing into the stack for thread: 0x00000206e1bb2690
RBP=0x00000206e63bd580 points into unknown readable memory: 0x00007fff2b79a788 | 88 a7 79 2b ff 7f 00 00
RSI=0x0000009f778fc9e0 is pointing into the stack for thread: 0x00000206e1bb2690
RDI=0xffffffffffffffff is an unknown value
R8 =0x00000000ffffffff is an unallocated location in the heap
R9 =0x0 is null
R10=0x0000000000000008 is an unknown value
R11=0x3333333333333333 is an unknown value
R12=0x0000000000000029 is an unknown value
R13=0x0000000000000148 is an unknown value
R14=0x00000206e629e340 points into unknown readable memory: 0x00007fff2b825538 | 38 55 82 2b ff 7f 00 00
R15=0x00007fff2b9d67c0 jvm.dll

Top of Stack: (sp=0x0000009f778fc860)
0x0000009f778fc860:   000000000000000f 00000206e8b939e0
0x0000009f778fc870:   0000000000000082 00000206e63bd6e0
0x0000009f778fc880:   000002f800000004 00007fff00000056
0x0000009f778fc890:   00000206e63bd580 0000000000000000
0x0000009f778fc8a0:   0000000000000000 0000000000000000
0x0000009f778fc8b0:   0000000000213020 00000206e612bd80
0x0000009f778fc8c0:   0000000000000000 00000206e612c168
0x0000009f778fc8d0:   00000206e612bd90 0000009f778fcdc0
0x0000009f778fc8e0:   00000000000003d8 0000009f778fca00
0x0000009f778fc8f0:   0000000000003047 00007fff2b132ac6
0x0000009f778fc900:   0000009f778fc9e0 0000000000003000
0x0000009f778fc910:   0000009f778fca00 00000206ffffffff
0x0000009f778fc920:   000000017f7fff01 0000020602000002
0x0000009f778fc930:   0000000000002990 0000000000000000
0x0000009f778fc940:   00000000000003ff 0000000000000607
0x0000009f778fc950:   00000206e612bd80 00000206eaefb440
0x0000009f778fc960:   00000206eaf02728 00000206eaf03428
0x0000009f778fc970:   000000000089c9c0 00000206eb0f8780
0x0000009f778fc980:   00000206eb1048e0 00000206eb0f8790
0x0000009f778fc990:   00000206dfb91d00 00007fff00000200
0x0000009f778fc9a0:   00000206e681b790 0000000000000200
0x0000009f778fc9b0:   00000206dfb91d00 00000206eb1cc9e0
0x0000009f778fc9c0:   00000000001f1548 00007fffd45a8a9e
0x0000009f778fc9d0:   0000000000000048 0000020600000001
0x0000009f778fc9e0:   00007fff2b7aee80 0000000000000009
0x0000009f778fc9f0:   0000009f778fe340 0000000000000000
0x0000009f778fca00:   0000000000000000 0000000000000002
0x0000009f778fca10:   00000206e8bb43f0 0000000000000002
0x0000009f778fca20:   00000206dfb91d00 0000009f778fcdc0
0x0000009f778fca30:   00000206deadbeef 0000009f778fcfd0
0x0000009f778fca40:   0000009f778fcb18 0000009f778fcb90
0x0000009f778fca50:   0000009f778fcb50 0000000000000002 

Instructions: (pc=0x00007fff2af9267f)
0x00007fff2af9257f:   48 8b b4 24 a0 00 00 00 48 8b e8 66 c7 83 9c 00
0x00007fff2af9258f:   00 00 08 00 66 44 89 ab a4 00 00 00 eb 55 48 8b
0x00007fff2af9259f:   b4 24 a0 00 00 00 48 8b e8 66 c7 83 9c 00 00 00
0x00007fff2af925af:   10 00 66 44 89 ab a4 00 00 00 eb 37 49 8b cf e8
0x00007fff2af925bf:   8d 8f 53 00 48 8b b4 24 a0 00 00 00 48 8b 6c 24
0x00007fff2af925cf:   30 66 89 83 9c 00 00 00 66 89 83 a4 00 00 00 81
0x00007fff2af925df:   8b a8 00 00 00 00 04 00 00 81 8b a8 00 00 00 80
0x00007fff2af925ef:   00 00 00 44 0f b6 8c 24 a8 00 00 00 41 b8 ff ff
0x00007fff2af925ff:   ff ff 41 8b 5e 18 89 5c 24 28 44 89 84 24 b8 00
0x00007fff2af9260f:   00 00 45 84 c9 74 38 49 8b 06 49 8b ce ff 90 b8
0x00007fff2af9261f:   00 00 00 89 84 24 b8 00 00 00 44 8b c0 83 f8 ff
0x00007fff2af9262f:   74 14 8b d0 49 8b ce e8 85 ef 42 00 44 8b c0 89
0x00007fff2af9263f:   84 24 b8 00 00 00 44 0f b6 8c 24 a8 00 00 00 44
0x00007fff2af9264f:   3b e3 0f 83 2c 02 00 00 41 8b c4 4c 8d 2c c5 00
0x00007fff2af9265f:   00 00 00 0f 1f 40 00 66 66 0f 1f 84 00 00 00 00
0x00007fff2af9266f:   00 49 8b 46 08 4a 8b 0c 28 48 8b 86 08 01 00 00
0x00007fff2af9267f:   48 63 51 28 8b 1c 90 85 db 0f 84 cc 01 00 00 45
0x00007fff2af9268f:   84 c9 74 11 45 3b c4 75 0c 49 8b 06 49 8b ce ff
0x00007fff2af9269f:   90 e0 00 00 00 80 bc 24 b0 00 00 00 00 74 17 80
0x00007fff2af926af:   be 18 01 00 00 00 74 0e 41 0f b7 46 3a 44 3b e0
0x00007fff2af926bf:   0f 83 95 01 00 00 48 8b 46 70 41 8b d4 48 69 fb
0x00007fff2af926cf:   b0 00 00 00 49 8b ce 48 03 78 20 49 8b 06 ff 90
0x00007fff2af926df:   88 00 00 00 80 bc 24 a8 00 00 00 00 4c 8b f8 75
0x00007fff2af926ef:   2c 49 8b 4e 08 f2 0f 10 4d 08 f2 0f 59 ce 4a 8b
0x00007fff2af926ff:   14 29 48 8b 4e 48 44 8b 42 28 48 8b 51 78 4a 8b
0x00007fff2af9270f:   0c c2 f2 0f 10 41 08 66 0f 2f c1 77 4b 8b 97 90
0x00007fff2af9271f:   00 00 00 8b 87 94 00 00 00 3b d0 77 1b 0f 1f 40
0x00007fff2af9272f:   00 8b ca ff c2 49 8b 04 cf 48 21 44 cf 38 8b 87
0x00007fff2af9273f:   94 00 00 00 3b d0 76 e9 41 8b 4f 58 39 8f 90 00
0x00007fff2af9274f:   00 00 73 06 89 8f 90 00 00 00 41 8b 4f 5c 3b c1
0x00007fff2af9275f:   76 06 89 8f 94 00 00 00 49 8b 46 08 4a 8b 0c 28
0x00007fff2af9276f:   48 8b 01 ff 50 70 8b c8 8b d8 e8 62 93 53 00 8b 


Stack slot to memory mapping:

stack at sp + 0 slots: 0x000000000000000f is an unknown value
stack at sp + 1 slots: 0x00000206e8b939e0 points into unknown readable memory: 0x00007fff2b751f18 | 18 1f 75 2b ff 7f 00 00
stack at sp + 2 slots: 0x0000000000000082 is an unknown value
stack at sp + 3 slots: 0x00000206e63bd6e0 points into unknown readable memory: 0x00007fff2b79a788 | 88 a7 79 2b ff 7f 00 00
stack at sp + 4 slots: 0x000002f800000004 is an unknown value
stack at sp + 5 slots: 0x00007fff00000056 is an unknown value
stack at sp + 6 slots: 0x00000206e63bd580 points into unknown readable memory: 0x00007fff2b79a788 | 88 a7 79 2b ff 7f 00 00
stack at sp + 7 slots: 0x0 is null


---------------  P R O C E S S  ---------------

Threads class SMR info:
_java_thread_list=0x00000206e9649ef0, length=70, elements={
0x00000206cb79e6a0, 0x00000206dfb90820, 0x00000206dfb92f80, 0x00000206dfb96960,
0x00000206dfb97880, 0x00000206dfb9a6c0, 0x00000206e1bb1560, 0x00000206e1bb2690,
0x00000206e1bde320, 0x00000206e1cc0380, 0x00000206e1dbbd50, 0x00000206e1cc0a10,
0x00000206e1cc1730, 0x00000206e1cbf660, 0x00000206e1cc2450, 0x00000206e1cc2ae0,
0x00000206e1cc10a0, 0x00000206e1cbfcf0, 0x00000206e6fef380, 0x00000206e6fefa10,
0x00000206e6ff1450, 0x00000206e6fec590, 0x00000206e6ff3bb0, 0x00000206e6ff1ae0,
0x00000206e87d4b30, 0x00000206e6ff2170, 0x00000206e6fee660, 0x00000206e6ff00a0,
0x00000206e6ff0730, 0x00000206e6ff2800, 0x00000206e6ff2e90, 0x00000206e6ff0dc0,
0x00000206e6fed940, 0x00000206e6feecf0, 0x00000206e6fed2b0, 0x00000206e6fedfd0,
0x00000206e991dcf0, 0x00000206e991f730, 0x00000206e991c2b0, 0x00000206e991fdc0,
0x00000206e991e380, 0x00000206e99238d0, 0x00000206e991ea10, 0x00000206e991c940,
0x00000206e991cfd0, 0x00000206e991d660, 0x00000206e991f0a0, 0x00000206e9920ae0,
0x00000206e9921170, 0x00000206e9921800, 0x00000206e9921e90, 0x00000206e9922520,
0x00000206e9922bb0, 0x00000206e9923240, 0x00000206e905a040, 0x00000206e905c110,
0x00000206e905a6d0, 0x00000206e905c7a0, 0x00000206e9057f70, 0x00000206e90578e0,
0x00000206e905ad60, 0x00000206e905ce30, 0x00000206e9057250, 0x00000206e9058600,
0x00000206e905b3f0, 0x00000206e9056bc0, 0x00000206e905d4c0, 0x00000206e905ba80,
0x00000206e9056530, 0x00000206e9058c90
}

Java Threads: ( => current thread )
  0x00000206cb79e6a0 JavaThread "main"                              [_thread_blocked, id=17100, stack(0x0000009f76e00000,0x0000009f76f00000) (1024K)]
  0x00000206dfb90820 JavaThread "Reference Handler"          daemon [_thread_blocked, id=23020, stack(0x0000009f77200000,0x0000009f77300000) (1024K)]
  0x00000206dfb92f80 JavaThread "Finalizer"                  daemon [_thread_blocked, id=18364, stack(0x0000009f77300000,0x0000009f77400000) (1024K)]
  0x00000206dfb96960 JavaThread "Signal Dispatcher"          daemon [_thread_blocked, id=2608, stack(0x0000009f77400000,0x0000009f77500000) (1024K)]
  0x00000206dfb97880 JavaThread "Attach Listener"            daemon [_thread_blocked, id=23468, stack(0x0000009f77500000,0x0000009f77600000) (1024K)]
  0x00000206dfb9a6c0 JavaThread "Service Thread"             daemon [_thread_blocked, id=19856, stack(0x0000009f77600000,0x0000009f77700000) (1024K)]
  0x00000206e1bb1560 JavaThread "Monitor Deflation Thread"   daemon [_thread_blocked, id=16564, stack(0x0000009f77700000,0x0000009f77800000) (1024K)]
=>0x00000206e1bb2690 JavaThread "C2 CompilerThread0"         daemon [_thread_in_native, id=24356, stack(0x0000009f77800000,0x0000009f77900000) (1024K)]
  0x00000206e1bde320 JavaThread "C1 CompilerThread0"         daemon [_thread_blocked, id=26160, stack(0x0000009f77900000,0x0000009f77a00000) (1024K)]
  0x00000206e1cc0380 JavaThread "Common-Cleaner"             daemon [_thread_blocked, id=16268, stack(0x0000009f77a00000,0x0000009f77b00000) (1024K)]
  0x00000206e1dbbd50 JavaThread "C2 CompilerThread1"         daemon [_thread_in_native, id=24864, stack(0x0000009f77b00000,0x0000009f77c00000) (1024K)]
  0x00000206e1cc0a10 JavaThread "Notification Thread"        daemon [_thread_blocked, id=26608, stack(0x0000009f77c00000,0x0000009f77d00000) (1024K)]
  0x00000206e1cc1730 JavaThread "Active Thread: Equinox Container: 260ea034-7543-466b-b2e3-d3c6576e09d6"        [_thread_blocked, id=25144, stack(0x0000009f78400000,0x0000009f78500000) (1024K)]
  0x00000206e1cbf660 JavaThread "Refresh Thread: Equinox Container: 260ea034-7543-466b-b2e3-d3c6576e09d6" daemon [_thread_blocked, id=11568, stack(0x0000009f78500000,0x0000009f78600000) (1024K)]
  0x00000206e1cc2450 JavaThread "Framework Event Dispatcher: Equinox Container: 260ea034-7543-466b-b2e3-d3c6576e09d6" daemon [_thread_blocked, id=21312, stack(0x0000009f78700000,0x0000009f78800000) (1024K)]
  0x00000206e1cc2ae0 JavaThread "Start Level: Equinox Container: 260ea034-7543-466b-b2e3-d3c6576e09d6" daemon [_thread_blocked, id=5500, stack(0x0000009f78800000,0x0000009f78900000) (1024K)]
  0x00000206e1cc10a0 JavaThread "Bundle File Closer"         daemon [_thread_blocked, id=19988, stack(0x0000009f78b00000,0x0000009f78c00000) (1024K)]
  0x00000206e1cbfcf0 JavaThread "SCR Component Actor"        daemon [_thread_blocked, id=10444, stack(0x0000009f78c00000,0x0000009f78d00000) (1024K)]
  0x00000206e6fef380 JavaThread "Worker-JM"                         [_thread_blocked, id=18204, stack(0x0000009f77d00000,0x0000009f77e00000) (1024K)]
  0x00000206e6fefa10 JavaThread "JNA Cleaner"                daemon [_thread_blocked, id=22852, stack(0x0000009f78e00000,0x0000009f78f00000) (1024K)]
  0x00000206e6ff1450 JavaThread "Worker-0: Java indexing... "        [_thread_blocked, id=9468, stack(0x0000009f78f00000,0x0000009f79000000) (1024K)]
  0x00000206e6fec590 JavaThread "Worker-1"                          [_thread_blocked, id=3988, stack(0x0000009f79000000,0x0000009f79100000) (1024K)]
  0x00000206e6ff3bb0 JavaThread "Worker-2"                          [_thread_blocked, id=23128, stack(0x0000009f79100000,0x0000009f79200000) (1024K)]
  0x00000206e6ff1ae0 JavaThread "Java indexing"              daemon [_thread_in_Java, id=25296, stack(0x0000009f79200000,0x0000009f79300000) (1024K)]
  0x00000206e87d4b30 JavaThread "C2 CompilerThread2"         daemon [_thread_in_native, id=24872, stack(0x0000009f79300000,0x0000009f79400000) (1024K)]
  0x00000206e6ff2170 JavaThread "Worker-3"                          [_thread_blocked, id=19644, stack(0x0000009f79600000,0x0000009f79700000) (1024K)]
  0x00000206e6fee660 JavaThread "Worker-4: Building"                [_thread_blocked, id=17888, stack(0x0000009f79700000,0x0000009f79800000) (1024K)]
  0x00000206e6ff00a0 JavaThread "Worker-5"                          [_thread_blocked, id=26156, stack(0x0000009f79800000,0x0000009f79900000) (1024K)]
  0x00000206e6ff0730 JavaThread "Thread-2"                   daemon [_thread_in_native, id=23476, stack(0x0000009f79900000,0x0000009f79a00000) (1024K)]
  0x00000206e6ff2800 JavaThread "Thread-3"                   daemon [_thread_in_native, id=22656, stack(0x0000009f79a00000,0x0000009f79b00000) (1024K)]
  0x00000206e6ff2e90 JavaThread "Thread-4"                   daemon [_thread_in_native, id=18640, stack(0x0000009f79b00000,0x0000009f79c00000) (1024K)]
  0x00000206e6ff0dc0 JavaThread "Thread-5"                   daemon [_thread_in_native, id=26320, stack(0x0000009f79c00000,0x0000009f79d00000) (1024K)]
  0x00000206e6fed940 JavaThread "Thread-6"                   daemon [_thread_in_native, id=12788, stack(0x0000009f79d00000,0x0000009f79e00000) (1024K)]
  0x00000206e6feecf0 JavaThread "Thread-7"                   daemon [_thread_in_native, id=24980, stack(0x0000009f79e00000,0x0000009f79f00000) (1024K)]
  0x00000206e6fed2b0 JavaThread "Thread-8"                   daemon [_thread_in_native, id=9864, stack(0x0000009f79f00000,0x0000009f7a000000) (1024K)]
  0x00000206e6fedfd0 JavaThread "Thread-9"                   daemon [_thread_in_native, id=17400, stack(0x0000009f7a000000,0x0000009f7a100000) (1024K)]
  0x00000206e991dcf0 JavaThread "Thread-10"                  daemon [_thread_in_native, id=18768, stack(0x0000009f7a100000,0x0000009f7a200000) (1024K)]
  0x00000206e991f730 JavaThread "Thread-11"                  daemon [_thread_in_native, id=23400, stack(0x0000009f7a200000,0x0000009f7a300000) (1024K)]
  0x00000206e991c2b0 JavaThread "Thread-12"                  daemon [_thread_in_native, id=5264, stack(0x0000009f7a300000,0x0000009f7a400000) (1024K)]
  0x00000206e991fdc0 JavaThread "Thread-13"                  daemon [_thread_in_native, id=9612, stack(0x0000009f7a400000,0x0000009f7a500000) (1024K)]
  0x00000206e991e380 JavaThread "Thread-14"                  daemon [_thread_in_native, id=13412, stack(0x0000009f7a500000,0x0000009f7a600000) (1024K)]
  0x00000206e99238d0 JavaThread "pool-2-thread-1"                   [_thread_blocked, id=25264, stack(0x0000009f7a600000,0x0000009f7a700000) (1024K)]
  0x00000206e991ea10 JavaThread "WorkspaceEventsHandler"            [_thread_blocked, id=4436, stack(0x0000009f7a700000,0x0000009f7a800000) (1024K)]
  0x00000206e991c940 JavaThread "pool-1-thread-1"                   [_thread_blocked, id=24476, stack(0x0000009f7a800000,0x0000009f7a900000) (1024K)]
  0x00000206e991cfd0 JavaThread "LocalFile Deleter"          daemon [_thread_blocked, id=6628, stack(0x0000009f7a900000,0x0000009f7aa00000) (1024K)]
  0x00000206e991d660 JavaThread "LocalFile Deleter"          daemon [_thread_blocked, id=20612, stack(0x0000009f7aa00000,0x0000009f7ab00000) (1024K)]
  0x00000206e991f0a0 JavaThread "LocalFile Deleter"          daemon [_thread_blocked, id=22572, stack(0x0000009f7ab00000,0x0000009f7ac00000) (1024K)]
  0x00000206e9920ae0 JavaThread "LocalFile Deleter"          daemon [_thread_blocked, id=3368, stack(0x0000009f7ac00000,0x0000009f7ad00000) (1024K)]
  0x00000206e9921170 JavaThread "LocalFile Deleter"          daemon [_thread_blocked, id=26488, stack(0x0000009f7ad00000,0x0000009f7ae00000) (1024K)]
  0x00000206e9921800 JavaThread "Compiler Source File Reader" daemon [_thread_blocked, id=22256, stack(0x0000009f7ae00000,0x0000009f7af00000) (1024K)]
  0x00000206e9921e90 JavaThread "Compiler Source File Reader" daemon [_thread_blocked, id=17500, stack(0x0000009f7af00000,0x0000009f7b000000) (1024K)]
  0x00000206e9922520 JavaThread "Compiler Source File Reader" daemon [_thread_blocked, id=20980, stack(0x0000009f7b000000,0x0000009f7b100000) (1024K)]
  0x00000206e9922bb0 JavaThread "Compiler Source File Reader" daemon [_thread_blocked, id=9680, stack(0x0000009f7b100000,0x0000009f7b200000) (1024K)]
  0x00000206e9923240 JavaThread "Compiler Source File Reader" daemon [_thread_blocked, id=15652, stack(0x0000009f7b200000,0x0000009f7b300000) (1024K)]
  0x00000206e905a040 JavaThread "Compiler Source File Reader" daemon [_thread_blocked, id=10120, stack(0x0000009f7b300000,0x0000009f7b400000) (1024K)]
  0x00000206e905c110 JavaThread "Compiler Source File Reader" daemon [_thread_blocked, id=22720, stack(0x0000009f7b400000,0x0000009f7b500000) (1024K)]
  0x00000206e905a6d0 JavaThread "Compiler Source File Reader" daemon [_thread_blocked, id=13664, stack(0x0000009f7b500000,0x0000009f7b600000) (1024K)]
  0x00000206e905c7a0 JavaThread "Compiler Source File Reader" daemon [_thread_blocked, id=13600, stack(0x0000009f7b600000,0x0000009f7b700000) (1024K)]
  0x00000206e9057f70 JavaThread "Compiler Source File Reader" daemon [_thread_blocked, id=6572, stack(0x0000009f7b700000,0x0000009f7b800000) (1024K)]
  0x00000206e90578e0 JavaThread "Compiler Processing Task"   daemon [_thread_in_native, id=26360, stack(0x0000009f78d00000,0x0000009f78e00000) (1024K)]
  0x00000206e905ad60 JavaThread "Compiler Class File Writer" daemon [_thread_blocked, id=24664, stack(0x0000009f7b800000,0x0000009f7b900000) (1024K)]
  0x00000206e905ce30 JavaThread "Compiler Class File Writer" daemon [_thread_blocked, id=11376, stack(0x0000009f7b900000,0x0000009f7ba00000) (1024K)]
  0x00000206e9057250 JavaThread "Compiler Class File Writer" daemon [_thread_blocked, id=5064, stack(0x0000009f7ba00000,0x0000009f7bb00000) (1024K)]
  0x00000206e9058600 JavaThread "Compiler Class File Writer" daemon [_thread_blocked, id=25568, stack(0x0000009f7bb00000,0x0000009f7bc00000) (1024K)]
  0x00000206e905b3f0 JavaThread "Compiler Class File Writer" daemon [_thread_blocked, id=14796, stack(0x0000009f7bc00000,0x0000009f7bd00000) (1024K)]
  0x00000206e9056bc0 JavaThread "Compiler Class File Writer" daemon [_thread_blocked, id=24852, stack(0x0000009f7bd00000,0x0000009f7be00000) (1024K)]
  0x00000206e905d4c0 JavaThread "Compiler Class File Writer" daemon [_thread_blocked, id=9848, stack(0x0000009f7be00000,0x0000009f7bf00000) (1024K)]
  0x00000206e905ba80 JavaThread "Compiler Class File Writer" daemon [_thread_blocked, id=20112, stack(0x0000009f7bf00000,0x0000009f7c000000) (1024K)]
  0x00000206e9056530 JavaThread "Compiler Class File Writer" daemon [_thread_blocked, id=21596, stack(0x0000009f7c000000,0x0000009f7c100000) (1024K)]
  0x00000206e9058c90 JavaThread "Compiler Class File Writer" daemon [_thread_blocked, id=22696, stack(0x0000009f7c100000,0x0000009f7c200000) (1024K)]
Total: 70

Other Threads:
  0x00000206dfb84400 VMThread "VM Thread"                           [id=26308, stack(0x0000009f77100000,0x0000009f77200000) (1024K)]
  0x00000206cb80aa00 WatcherThread "VM Periodic Task Thread"        [id=21988, stack(0x0000009f77000000,0x0000009f77100000) (1024K)]
  0x00000206cb7beab0 WorkerThread "GC Thread#0"                     [id=22716, stack(0x0000009f76f00000,0x0000009f77000000) (1024K)]
  0x00000206e656c860 WorkerThread "GC Thread#1"                     [id=25364, stack(0x0000009f77e00000,0x0000009f77f00000) (1024K)]
  0x00000206e67fd340 WorkerThread "GC Thread#2"                     [id=21780, stack(0x0000009f77f00000,0x0000009f78000000) (1024K)]
  0x00000206e67fd6e0 WorkerThread "GC Thread#3"                     [id=3660, stack(0x0000009f78000000,0x0000009f78100000) (1024K)]
  0x00000206e67fda80 WorkerThread "GC Thread#4"                     [id=24624, stack(0x0000009f78100000,0x0000009f78200000) (1024K)]
  0x00000206e67fde20 WorkerThread "GC Thread#5"                     [id=21200, stack(0x0000009f78200000,0x0000009f78300000) (1024K)]
  0x00000206e67fe1c0 WorkerThread "GC Thread#6"                     [id=22616, stack(0x0000009f78300000,0x0000009f78400000) (1024K)]
  0x00000206e6a32090 WorkerThread "GC Thread#7"                     [id=10912, stack(0x0000009f78600000,0x0000009f78700000) (1024K)]
  0x00000206e6c55800 WorkerThread "GC Thread#8"                     [id=10236, stack(0x0000009f78900000,0x0000009f78a00000) (1024K)]
  0x00000206e6c56dc0 WorkerThread "GC Thread#9"                     [id=25660, stack(0x0000009f78a00000,0x0000009f78b00000) (1024K)]
Total: 12

Threads with active compile tasks:
C2 CompilerThread0  9063 7393   !   4       org.eclipse.jdt.internal.core.search.indexing.BinaryIndexer::indexDocument (1168 bytes)
C2 CompilerThread1  9063 7688 %     4       org.lombokweb.asm.ClassReader::readCode @ 2037 (5117 bytes)
C2 CompilerThread2  9063 7696       4       lombok.patcher.PatchScript$MethodPatcher::visitMethod (158 bytes)
Total: 3

VM state: not at safepoint (normal execution)

VM Mutex/Monitor currently owned by a thread: None

Heap address: 0x00000000c0000000, size: 1024 MB, Compressed Oops mode: 32-bit

CDS archive(s) mapped at: [0x0000020680000000-0x0000020680ba0000-0x0000020680ba0000), size 12189696, SharedBaseAddress: 0x0000020680000000, ArchiveRelocationMode: 1.
Compressed class space mapped at: 0x0000020681000000-0x00000206c1000000, reserved size: 1073741824
Narrow klass base: 0x0000020680000000, Narrow klass shift: 0, Narrow klass range: 0x100000000

GC Precious Log:
 CardTable entry size: 512
 CPUs: 12 total, 12 available
 Memory: 16328M
 Large Page Support: Disabled
 NUMA Support: Disabled
 Compressed Oops: Enabled (32-bit)
 Alignments: Space 512K, Generation 512K, Heap 2M
 Heap Min Capacity: 100M
 Heap Initial Capacity: 100M
 Heap Max Capacity: 1G
 Pre-touch: Disabled
 Parallel Workers: 10

Heap:
 PSYoungGen      total 11776K, used 8821K [0x00000000eab00000, 0x00000000eb880000, 0x0000000100000000)
  eden space 10240K, 73% used [0x00000000eab00000,0x00000000eb25e3c8,0x00000000eb500000)
  from space 1536K, 83% used [0x00000000eb580000,0x00000000eb6bf160,0x00000000eb700000)
  to   space 1536K, 0% used [0x00000000eb700000,0x00000000eb700000,0x00000000eb880000)
 ParOldGen       total 124416K, used 124153K [0x00000000c0000000, 0x00000000c7980000, 0x00000000eab00000)
  object space 124416K, 99% used [0x00000000c0000000,0x00000000c793e688,0x00000000c7980000)
 Metaspace       used 54302K, committed 55552K, reserved 1114112K
  class space    used 5698K, committed 6272K, reserved 1048576K

Card table byte_map: [0x00000206cb150000,0x00000206cb360000] _byte_map_base: 0x00000206cab50000

Marking Bits: (ParMarkBitMap*) 0x00007fff2ba631f0
 Begin Bits: [0x00000206dd9a0000, 0x00000206de9a0000)
 End Bits:   [0x00000206de9a0000, 0x00000206df9a0000)

Polling page: 0x00000206c9520000

Metaspace:

Usage:
  Non-class:     47.47 MB used.
      Class:      5.57 MB used.
       Both:     53.03 MB used.

Virtual space:
  Non-class space:       64.00 MB reserved,      48.12 MB ( 75%) committed,  1 nodes.
      Class space:        1.00 GB reserved,       6.12 MB ( <1%) committed,  1 nodes.
             Both:        1.06 GB reserved,      54.25 MB (  5%) committed. 

Chunk freelists:
   Non-Class:  15.50 MB
       Class:  9.78 MB
        Both:  25.28 MB

MaxMetaspaceSize: unlimited
CompressedClassSpaceSize: 1.00 GB
Initial GC threshold: 21.00 MB
Current GC threshold: 58.38 MB
CDS: on
 - commit_granule_bytes: 65536.
 - commit_granule_words: 8192.
 - virtual_space_node_default_size: 8388608.
 - enlarge_chunks_in_place: 1.
 - use_allocation_guard: 0.


Internal statistics:

num_allocs_failed_limit: 6.
num_arena_births: 920.
num_arena_deaths: 14.
num_vsnodes_births: 2.
num_vsnodes_deaths: 0.
num_space_committed: 868.
num_space_uncommitted: 0.
num_chunks_returned_to_freelist: 20.
num_chunks_taken_from_freelist: 3265.
num_chunk_merges: 12.
num_chunk_splits: 2109.
num_chunks_enlarged: 1308.
num_inconsistent_stats: 0.

CodeHeap 'non-profiled nmethods': size=120000Kb used=4414Kb max_used=4414Kb free=115585Kb
 bounds [0x00000206d6470000, 0x00000206d68c0000, 0x00000206dd9a0000]
CodeHeap 'profiled nmethods': size=120000Kb used=15484Kb max_used=15484Kb free=104515Kb
 bounds [0x00000206ce9a0000, 0x00000206cf8c0000, 0x00000206d5ed0000]
CodeHeap 'non-nmethods': size=5760Kb used=1412Kb max_used=1470Kb free=4347Kb
 bounds [0x00000206d5ed0000, 0x00000206d6140000, 0x00000206d6470000]
 total_blobs=7830 nmethods=7104 adapters=630
 compilation: enabled
              stopped_count=0, restarted_count=0
 full_count=0

Compilation events (20 events):
Event: 8.961 Thread 0x00000206e1dbbd50 7668       4       java.util.regex.Pattern$CharPropertyGreedy::match (160 bytes)
Event: 8.981 Thread 0x00000206e1dbbd50 nmethod 7668 0x00000206d68b5010 code [0x00000206d68b52c0, 0x00000206d68b5f58]
Event: 8.982 Thread 0x00000206e1dbbd50 7673 %     4       org.lombokweb.asm.ClassReader::<init> @ 95 (359 bytes)
Event: 8.983 Thread 0x00000206e1bde320 nmethod 7670 0x00000206cf892f90 code [0x00000206cf8944e0, 0x00000206cf8a4e58]
Event: 8.984 Thread 0x00000206e1bde320 7678       3       java.lang.String::split (242 bytes)
Event: 8.986 Thread 0x00000206e87d4b30 nmethod 7617 0x00000206d68b6b10 code [0x00000206d68b6e20, 0x00000206d68b96a8]
Event: 8.986 Thread 0x00000206e1bde320 nmethod 7678 0x00000206cf8acf90 code [0x00000206cf8ad380, 0x00000206cf8af778]
Event: 8.986 Thread 0x00000206e87d4b30 7666       4       org.lombokweb.asm.ByteVector::putByte (39 bytes)
Event: 8.986 Thread 0x00000206e1bde320 7674       3       lombok.patcher.scripts.WrapMethodCallScript$WrapMethodCall::visitMethodInsn (310 bytes)
Event: 8.987 Thread 0x00000206e87d4b30 nmethod 7666 0x00000206d68bae90 code [0x00000206d68bb020, 0x00000206d68bb188]
Event: 8.987 Thread 0x00000206e1bde320 nmethod 7674 0x00000206cf8b0490 code [0x00000206cf8b08c0, 0x00000206cf8b2208]
Event: 8.988 Thread 0x00000206e87d4b30 7675       4       java.util.regex.Pattern$BmpCharProperty::match (55 bytes)
Event: 8.988 Thread 0x00000206e1bde320 7676       3       org.lombokweb.asm.ClassReader::getTypeAnnotationBytecodeOffset (34 bytes)
Event: 8.988 Thread 0x00000206e1bde320 nmethod 7676 0x00000206cf8b2d10 code [0x00000206cf8b2ee0, 0x00000206cf8b31b8]
Event: 8.988 Thread 0x00000206e1bde320 7672       3       lombok.patcher.MethodLogistics::sizeOf (46 bytes)
Event: 8.989 Thread 0x00000206e1bde320 nmethod 7672 0x00000206cf8b3310 code [0x00000206cf8b3520, 0x00000206cf8b3b60]
Event: 8.989 Thread 0x00000206e1bde320 7677       1       lombok.patcher.scripts.WrapMethodCallScript::access$2 (5 bytes)
Event: 8.989 Thread 0x00000206e1bde320 nmethod 7677 0x00000206d68bb290 code [0x00000206d68bb420, 0x00000206d68bb4d0]
Event: 8.989 Thread 0x00000206e1bde320 7671       3       lombok.patcher.MethodTarget::classMatches (9 bytes)
Event: 8.993 Thread 0x00000206e1bde320 nmethod 7671 0x00000206cf8b3e10 code [0x00000206cf8b3fe0, 0x00000206cf8b41f0]

GC Heap History (20 events):
Event: 8.663 GC heap before
{Heap before GC invocations=49 (full 2):
 PSYoungGen      total 14336K, used 14093K [0x00000000eab00000, 0x00000000ebe80000, 0x0000000100000000)
  eden space 11264K, 100% used [0x00000000eab00000,0x00000000eb600000,0x00000000eb600000)
  from space 3072K, 92% used [0x00000000ebb80000,0x00000000ebe436c8,0x00000000ebe80000)
  to   space 3584K, 0% used [0x00000000eb780000,0x00000000eb780000,0x00000000ebb00000)
 ParOldGen       total 98816K, used 98346K [0x00000000c0000000, 0x00000000c6080000, 0x00000000eab00000)
  object space 98816K, 99% used [0x00000000c0000000,0x00000000c600aa88,0x00000000c6080000)
 Metaspace       used 52444K, committed 53632K, reserved 1114112K
  class space    used 5525K, committed 6080K, reserved 1048576K
}
Event: 8.666 GC heap after
{Heap after GC invocations=49 (full 2):
 PSYoungGen      total 14336K, used 2808K [0x00000000eab00000, 0x00000000ebc00000, 0x0000000100000000)
  eden space 11264K, 0% used [0x00000000eab00000,0x00000000eab00000,0x00000000eb600000)
  from space 3072K, 91% used [0x00000000eb780000,0x00000000eba3e318,0x00000000eba80000)
  to   space 1536K, 0% used [0x00000000eba80000,0x00000000eba80000,0x00000000ebc00000)
 ParOldGen       total 101376K, used 100945K [0x00000000c0000000, 0x00000000c6300000, 0x00000000eab00000)
  object space 101376K, 99% used [0x00000000c0000000,0x00000000c6294788,0x00000000c6300000)
 Metaspace       used 52444K, committed 53632K, reserved 1114112K
  class space    used 5525K, committed 6080K, reserved 1048576K
}
Event: 8.703 GC heap before
{Heap before GC invocations=50 (full 2):
 PSYoungGen      total 14336K, used 14072K [0x00000000eab00000, 0x00000000ebc00000, 0x0000000100000000)
  eden space 11264K, 100% used [0x00000000eab00000,0x00000000eb600000,0x00000000eb600000)
  from space 3072K, 91% used [0x00000000eb780000,0x00000000eba3e318,0x00000000eba80000)
  to   space 1536K, 0% used [0x00000000eba80000,0x00000000eba80000,0x00000000ebc00000)
 ParOldGen       total 101376K, used 100945K [0x00000000c0000000, 0x00000000c6300000, 0x00000000eab00000)
  object space 101376K, 99% used [0x00000000c0000000,0x00000000c6294788,0x00000000c6300000)
 Metaspace       used 52525K, committed 53760K, reserved 1114112K
  class space    used 5534K, committed 6080K, reserved 1048576K
}
Event: 8.706 GC heap after
{Heap after GC invocations=50 (full 2):
 PSYoungGen      total 11776K, used 1530K [0x00000000eab00000, 0x00000000ec100000, 0x0000000100000000)
  eden space 10240K, 0% used [0x00000000eab00000,0x00000000eab00000,0x00000000eb500000)
  from space 1536K, 99% used [0x00000000eba80000,0x00000000ebbfe830,0x00000000ebc00000)
  to   space 5632K, 0% used [0x00000000eb500000,0x00000000eb500000,0x00000000eba80000)
 ParOldGen       total 104448K, used 104423K [0x00000000c0000000, 0x00000000c6600000, 0x00000000eab00000)
  object space 104448K, 99% used [0x00000000c0000000,0x00000000c65f9f28,0x00000000c6600000)
 Metaspace       used 52525K, committed 53760K, reserved 1114112K
  class space    used 5534K, committed 6080K, reserved 1048576K
}
Event: 8.743 GC heap before
{Heap before GC invocations=51 (full 2):
 PSYoungGen      total 11776K, used 11770K [0x00000000eab00000, 0x00000000ec100000, 0x0000000100000000)
  eden space 10240K, 100% used [0x00000000eab00000,0x00000000eb500000,0x00000000eb500000)
  from space 1536K, 99% used [0x00000000eba80000,0x00000000ebbfe830,0x00000000ebc00000)
  to   space 5632K, 0% used [0x00000000eb500000,0x00000000eb500000,0x00000000eba80000)
 ParOldGen       total 104448K, used 104423K [0x00000000c0000000, 0x00000000c6600000, 0x00000000eab00000)
  object space 104448K, 99% used [0x00000000c0000000,0x00000000c65f9f28,0x00000000c6600000)
 Metaspace       used 52822K, committed 54144K, reserved 1114112K
  class space    used 5557K, committed 6144K, reserved 1048576K
}
Event: 8.745 GC heap after
{Heap after GC invocations=51 (full 2):
 PSYoungGen      total 12800K, used 2436K [0x00000000eab00000, 0x00000000ebc00000, 0x0000000100000000)
  eden space 10240K, 0% used [0x00000000eab00000,0x00000000eab00000,0x00000000eb500000)
  from space 2560K, 95% used [0x00000000eb500000,0x00000000eb761118,0x00000000eb780000)
  to   space 3584K, 0% used [0x00000000eb880000,0x00000000eb880000,0x00000000ebc00000)
 ParOldGen       total 105984K, used 105935K [0x00000000c0000000, 0x00000000c6780000, 0x00000000eab00000)
  object space 105984K, 99% used [0x00000000c0000000,0x00000000c6773d00,0x00000000c6780000)
 Metaspace       used 52822K, committed 54144K, reserved 1114112K
  class space    used 5557K, committed 6144K, reserved 1048576K
}
Event: 8.780 GC heap before
{Heap before GC invocations=52 (full 2):
 PSYoungGen      total 12800K, used 12676K [0x00000000eab00000, 0x00000000ebc00000, 0x0000000100000000)
  eden space 10240K, 100% used [0x00000000eab00000,0x00000000eb500000,0x00000000eb500000)
  from space 2560K, 95% used [0x00000000eb500000,0x00000000eb761118,0x00000000eb780000)
  to   space 3584K, 0% used [0x00000000eb880000,0x00000000eb880000,0x00000000ebc00000)
 ParOldGen       total 105984K, used 105935K [0x00000000c0000000, 0x00000000c6780000, 0x00000000eab00000)
  object space 105984K, 99% used [0x00000000c0000000,0x00000000c6773d00,0x00000000c6780000)
 Metaspace       used 53154K, committed 54400K, reserved 1114112K
  class space    used 5599K, committed 6144K, reserved 1048576K
}
Event: 8.783 GC heap after
{Heap after GC invocations=52 (full 2):
 PSYoungGen      total 12800K, used 2395K [0x00000000eab00000, 0x00000000ebb00000, 0x0000000100000000)
  eden space 10240K, 0% used [0x00000000eab00000,0x00000000eab00000,0x00000000eb500000)
  from space 2560K, 93% used [0x00000000eb880000,0x00000000ebad6cc8,0x00000000ebb00000)
  to   space 3072K, 0% used [0x00000000eb500000,0x00000000eb500000,0x00000000eb800000)
 ParOldGen       total 108544K, used 108122K [0x00000000c0000000, 0x00000000c6a00000, 0x00000000eab00000)
  object space 108544K, 99% used [0x00000000c0000000,0x00000000c6996ae0,0x00000000c6a00000)
 Metaspace       used 53154K, committed 54400K, reserved 1114112K
  class space    used 5599K, committed 6144K, reserved 1048576K
}
Event: 8.846 GC heap before
{Heap before GC invocations=53 (full 2):
 PSYoungGen      total 12800K, used 12589K [0x00000000eab00000, 0x00000000ebb00000, 0x0000000100000000)
  eden space 10240K, 99% used [0x00000000eab00000,0x00000000eb4f4af8,0x00000000eb500000)
  from space 2560K, 93% used [0x00000000eb880000,0x00000000ebad6cc8,0x00000000ebb00000)
  to   space 3072K, 0% used [0x00000000eb500000,0x00000000eb500000,0x00000000eb800000)
 ParOldGen       total 108544K, used 108122K [0x00000000c0000000, 0x00000000c6a00000, 0x00000000eab00000)
  object space 108544K, 99% used [0x00000000c0000000,0x00000000c6996ae0,0x00000000c6a00000)
 Metaspace       used 53351K, committed 54656K, reserved 1114112K
  class space    used 5620K, committed 6208K, reserved 1048576K
}
Event: 8.851 GC heap after
{Heap after GC invocations=53 (full 2):
 PSYoungGen      total 13312K, used 3070K [0x00000000eab00000, 0x00000000ec100000, 0x0000000100000000)
  eden space 10240K, 0% used [0x00000000eab00000,0x00000000eab00000,0x00000000eb500000)
  from space 3072K, 99% used [0x00000000eb500000,0x00000000eb7ff970,0x00000000eb800000)
  to   space 6144K, 0% used [0x00000000ebb00000,0x00000000ebb00000,0x00000000ec100000)
 ParOldGen       total 111104K, used 110598K [0x00000000c0000000, 0x00000000c6c80000, 0x00000000eab00000)
  object space 111104K, 99% used [0x00000000c0000000,0x00000000c6c01af8,0x00000000c6c80000)
 Metaspace       used 53351K, committed 54656K, reserved 1114112K
  class space    used 5620K, committed 6208K, reserved 1048576K
}
Event: 8.897 GC heap before
{Heap before GC invocations=54 (full 2):
 PSYoungGen      total 13312K, used 13310K [0x00000000eab00000, 0x00000000ec100000, 0x0000000100000000)
  eden space 10240K, 100% used [0x00000000eab00000,0x00000000eb500000,0x00000000eb500000)
  from space 3072K, 99% used [0x00000000eb500000,0x00000000eb7ff970,0x00000000eb800000)
  to   space 6144K, 0% used [0x00000000ebb00000,0x00000000ebb00000,0x00000000ec100000)
 ParOldGen       total 111104K, used 110598K [0x00000000c0000000, 0x00000000c6c80000, 0x00000000eab00000)
  object space 111104K, 99% used [0x00000000c0000000,0x00000000c6c01af8,0x00000000c6c80000)
 Metaspace       used 53579K, committed 54848K, reserved 1114112K
  class space    used 5635K, committed 6208K, reserved 1048576K
}
Event: 8.902 GC heap after
{Heap after GC invocations=54 (full 2):
 PSYoungGen      total 12800K, used 2214K [0x00000000eab00000, 0x00000000ebd80000, 0x0000000100000000)
  eden space 10240K, 0% used [0x00000000eab00000,0x00000000eab00000,0x00000000eb500000)
  from space 2560K, 86% used [0x00000000ebb00000,0x00000000ebd29ba8,0x00000000ebd80000)
  to   space 3584K, 0% used [0x00000000eb680000,0x00000000eb680000,0x00000000eba00000)
 ParOldGen       total 113664K, used 113579K [0x00000000c0000000, 0x00000000c6f00000, 0x00000000eab00000)
  object space 113664K, 99% used [0x00000000c0000000,0x00000000c6eead38,0x00000000c6f00000)
 Metaspace       used 53579K, committed 54848K, reserved 1114112K
  class space    used 5635K, committed 6208K, reserved 1048576K
}
Event: 8.923 GC heap before
{Heap before GC invocations=55 (full 2):
 PSYoungGen      total 12800K, used 12454K [0x00000000eab00000, 0x00000000ebd80000, 0x0000000100000000)
  eden space 10240K, 100% used [0x00000000eab00000,0x00000000eb500000,0x00000000eb500000)
  from space 2560K, 86% used [0x00000000ebb00000,0x00000000ebd29ba8,0x00000000ebd80000)
  to   space 3584K, 0% used [0x00000000eb680000,0x00000000eb680000,0x00000000eba00000)
 ParOldGen       total 113664K, used 113579K [0x00000000c0000000, 0x00000000c6f00000, 0x00000000eab00000)
  object space 113664K, 99% used [0x00000000c0000000,0x00000000c6eead38,0x00000000c6f00000)
 Metaspace       used 53633K, committed 54912K, reserved 1114112K
  class space    used 5640K, committed 6208K, reserved 1048576K
}
Event: 8.927 GC heap after
{Heap after GC invocations=55 (full 2):
 PSYoungGen      total 13312K, used 2983K [0x00000000eab00000, 0x00000000ebc00000, 0x0000000100000000)
  eden space 10240K, 0% used [0x00000000eab00000,0x00000000eab00000,0x00000000eb500000)
  from space 3072K, 97% used [0x00000000eb680000,0x00000000eb969c18,0x00000000eb980000)
  to   space 2560K, 0% used [0x00000000eb980000,0x00000000eb980000,0x00000000ebc00000)
 ParOldGen       total 115712K, used 115665K [0x00000000c0000000, 0x00000000c7100000, 0x00000000eab00000)
  object space 115712K, 99% used [0x00000000c0000000,0x00000000c70f4528,0x00000000c7100000)
 Metaspace       used 53633K, committed 54912K, reserved 1114112K
  class space    used 5640K, committed 6208K, reserved 1048576K
}
Event: 8.943 GC heap before
{Heap before GC invocations=56 (full 2):
 PSYoungGen      total 13312K, used 13223K [0x00000000eab00000, 0x00000000ebc00000, 0x0000000100000000)
  eden space 10240K, 100% used [0x00000000eab00000,0x00000000eb500000,0x00000000eb500000)
  from space 3072K, 97% used [0x00000000eb680000,0x00000000eb969c18,0x00000000eb980000)
  to   space 2560K, 0% used [0x00000000eb980000,0x00000000eb980000,0x00000000ebc00000)
 ParOldGen       total 115712K, used 115665K [0x00000000c0000000, 0x00000000c7100000, 0x00000000eab00000)
  object space 115712K, 99% used [0x00000000c0000000,0x00000000c70f4528,0x00000000c7100000)
 Metaspace       used 53642K, committed 54912K, reserved 1114112K
  class space    used 5640K, committed 6208K, reserved 1048576K
}
Event: 8.945 GC heap after
{Heap after GC invocations=56 (full 2):
 PSYoungGen      total 12288K, used 1744K [0x00000000eab00000, 0x00000000ebb80000, 0x0000000100000000)
  eden space 10240K, 0% used [0x00000000eab00000,0x00000000eab00000,0x00000000eb500000)
  from space 2048K, 85% used [0x00000000eb980000,0x00000000ebb34088,0x00000000ebb80000)
  to   space 2560K, 0% used [0x00000000eb680000,0x00000000eb680000,0x00000000eb900000)
 ParOldGen       total 117760K, used 117651K [0x00000000c0000000, 0x00000000c7300000, 0x00000000eab00000)
  object space 117760K, 99% used [0x00000000c0000000,0x00000000c72e4dc0,0x00000000c7300000)
 Metaspace       used 53642K, committed 54912K, reserved 1114112K
  class space    used 5640K, committed 6208K, reserved 1048576K
}
Event: 8.964 GC heap before
{Heap before GC invocations=57 (full 2):
 PSYoungGen      total 12288K, used 11984K [0x00000000eab00000, 0x00000000ebb80000, 0x0000000100000000)
  eden space 10240K, 100% used [0x00000000eab00000,0x00000000eb500000,0x00000000eb500000)
  from space 2048K, 85% used [0x00000000eb980000,0x00000000ebb34088,0x00000000ebb80000)
  to   space 2560K, 0% used [0x00000000eb680000,0x00000000eb680000,0x00000000eb900000)
 ParOldGen       total 117760K, used 117651K [0x00000000c0000000, 0x00000000c7300000, 0x00000000eab00000)
  object space 117760K, 99% used [0x00000000c0000000,0x00000000c72e4dc0,0x00000000c7300000)
 Metaspace       used 53656K, committed 54912K, reserved 1114112K
  class space    used 5640K, committed 6208K, reserved 1048576K
}
Event: 8.967 GC heap after
{Heap after GC invocations=57 (full 2):
 PSYoungGen      total 12800K, used 2184K [0x00000000eab00000, 0x00000000eba00000, 0x0000000100000000)
  eden space 10240K, 0% used [0x00000000eab00000,0x00000000eab00000,0x00000000eb500000)
  from space 2560K, 85% used [0x00000000eb680000,0x00000000eb8a21c0,0x00000000eb900000)
  to   space 1024K, 0% used [0x00000000eb900000,0x00000000eb900000,0x00000000eba00000)
 ParOldGen       total 118784K, used 118699K [0x00000000c0000000, 0x00000000c7400000, 0x00000000eab00000)
  object space 118784K, 99% used [0x00000000c0000000,0x00000000c73eafe8,0x00000000c7400000)
 Metaspace       used 53656K, committed 54912K, reserved 1114112K
  class space    used 5640K, committed 6208K, reserved 1048576K
}
Event: 8.989 GC heap before
{Heap before GC invocations=58 (full 2):
 PSYoungGen      total 12800K, used 12424K [0x00000000eab00000, 0x00000000eba00000, 0x0000000100000000)
  eden space 10240K, 100% used [0x00000000eab00000,0x00000000eb500000,0x00000000eb500000)
  from space 2560K, 85% used [0x00000000eb680000,0x00000000eb8a21c0,0x00000000eb900000)
  to   space 1024K, 0% used [0x00000000eb900000,0x00000000eb900000,0x00000000eba00000)
 ParOldGen       total 118784K, used 118699K [0x00000000c0000000, 0x00000000c7400000, 0x00000000eab00000)
  object space 118784K, 99% used [0x00000000c0000000,0x00000000c73eafe8,0x00000000c7400000)
 Metaspace       used 53660K, committed 54912K, reserved 1114112K
  class space    used 5640K, committed 6208K, reserved 1048576K
}
Event: 8.993 GC heap after
{Heap after GC invocations=58 (full 2):
 PSYoungGen      total 11264K, used 1001K [0x00000000eab00000, 0x00000000ebd00000, 0x0000000100000000)
  eden space 10240K, 0% used [0x00000000eab00000,0x00000000eab00000,0x00000000eb500000)
  from space 1024K, 97% used [0x00000000eb900000,0x00000000eb9fa680,0x00000000eba00000)
  to   space 4096K, 0% used [0x00000000eb500000,0x00000000eb500000,0x00000000eb900000)
 ParOldGen       total 121856K, used 121401K [0x00000000c0000000, 0x00000000c7700000, 0x00000000eab00000)
  object space 121856K, 99% used [0x00000000c0000000,0x00000000c768e768,0x00000000c7700000)
 Metaspace       used 53660K, committed 54912K, reserved 1114112K
  class space    used 5640K, committed 6208K, reserved 1048576K
}

Dll operation events (10 events):
Event: 0.009 Loaded shared library c:\Users\Nonev3\.vscode\extensions\redhat.java-1.42.0-win32-x64\jre\21.0.7-win32-x86_64\bin\java.dll
Event: 0.096 Loaded shared library c:\Users\Nonev3\.vscode\extensions\redhat.java-1.42.0-win32-x64\jre\21.0.7-win32-x86_64\bin\zip.dll
Event: 0.132 Loaded shared library C:\Users\Nonev3\.vscode\extensions\redhat.java-1.42.0-win32-x64\jre\21.0.7-win32-x86_64\bin\instrument.dll
Event: 0.136 Loaded shared library C:\Users\Nonev3\.vscode\extensions\redhat.java-1.42.0-win32-x64\jre\21.0.7-win32-x86_64\bin\net.dll
Event: 0.139 Loaded shared library C:\Users\Nonev3\.vscode\extensions\redhat.java-1.42.0-win32-x64\jre\21.0.7-win32-x86_64\bin\nio.dll
Event: 0.142 Loaded shared library C:\Users\Nonev3\.vscode\extensions\redhat.java-1.42.0-win32-x64\jre\21.0.7-win32-x86_64\bin\zip.dll
Event: 0.165 Loaded shared library C:\Users\Nonev3\.vscode\extensions\redhat.java-1.42.0-win32-x64\jre\21.0.7-win32-x86_64\bin\jimage.dll
Event: 0.279 Loaded shared library c:\Users\Nonev3\.vscode\extensions\redhat.java-1.42.0-win32-x64\jre\21.0.7-win32-x86_64\bin\verify.dll
Event: 1.636 Loaded shared library C:\Users\Nonev3\AppData\Roaming\Code\User\globalStorage\redhat.java\1.42.0\config_win\org.eclipse.equinox.launcher\org.eclipse.equinox.launcher.win32.win32.x86_64_1.2.1300.v20250331-1702\eclipse_11911.dll
Event: 3.049 Loaded shared library C:\Users\Nonev3\AppData\Local\Temp\jna--1956004907\jna12315471362207896319.dll

Deoptimization events (20 events):
Event: 8.950 Thread 0x00000206e90578e0 Uncommon trap: trap_request=0xffffffde fr.pc=0x00000206d6692574 relative=0x00000000000079d4
Event: 8.950 Thread 0x00000206e90578e0 Uncommon trap: reason=class_check action=maybe_recompile pc=0x00000206d6692574 method=lombok.patcher.PatchScript$MethodPatcher.visitMethod(ILjava/lang/String;Ljava/lang/String;Ljava/lang/String;[Ljava/lang/String;)Lorg/lombokweb/asm/MethodVisitor; @ 101 c
Event: 8.950 Thread 0x00000206e90578e0 DEOPT PACKING pc=0x00000206d6692574 sp=0x0000009f78dfa930
Event: 8.950 Thread 0x00000206e90578e0 DEOPT UNPACKING pc=0x00000206d5f23aa2 sp=0x0000009f78dfa8d8 mode 2
Event: 8.950 Thread 0x00000206e90578e0 Uncommon trap: trap_request=0xffffffde fr.pc=0x00000206d6692574 relative=0x00000000000079d4
Event: 8.951 Thread 0x00000206e90578e0 Uncommon trap: reason=class_check action=maybe_recompile pc=0x00000206d6692574 method=lombok.patcher.PatchScript$MethodPatcher.visitMethod(ILjava/lang/String;Ljava/lang/String;Ljava/lang/String;[Ljava/lang/String;)Lorg/lombokweb/asm/MethodVisitor; @ 101 c
Event: 8.951 Thread 0x00000206e90578e0 DEOPT PACKING pc=0x00000206d6692574 sp=0x0000009f78dfa930
Event: 8.951 Thread 0x00000206e90578e0 DEOPT UNPACKING pc=0x00000206d5f23aa2 sp=0x0000009f78dfa8d8 mode 2
Event: 8.951 Thread 0x00000206e90578e0 Uncommon trap: trap_request=0xffffffde fr.pc=0x00000206d6692574 relative=0x00000000000079d4
Event: 8.951 Thread 0x00000206e90578e0 Uncommon trap: reason=class_check action=maybe_recompile pc=0x00000206d6692574 method=lombok.patcher.PatchScript$MethodPatcher.visitMethod(ILjava/lang/String;Ljava/lang/String;Ljava/lang/String;[Ljava/lang/String;)Lorg/lombokweb/asm/MethodVisitor; @ 101 c
Event: 8.951 Thread 0x00000206e90578e0 DEOPT PACKING pc=0x00000206d6692574 sp=0x0000009f78dfa930
Event: 8.951 Thread 0x00000206e90578e0 DEOPT UNPACKING pc=0x00000206d5f23aa2 sp=0x0000009f78dfa8d8 mode 2
Event: 8.951 Thread 0x00000206e90578e0 Uncommon trap: trap_request=0xffffffde fr.pc=0x00000206d6692574 relative=0x00000000000079d4
Event: 8.951 Thread 0x00000206e90578e0 Uncommon trap: reason=class_check action=maybe_recompile pc=0x00000206d6692574 method=lombok.patcher.PatchScript$MethodPatcher.visitMethod(ILjava/lang/String;Ljava/lang/String;Ljava/lang/String;[Ljava/lang/String;)Lorg/lombokweb/asm/MethodVisitor; @ 101 c
Event: 8.951 Thread 0x00000206e90578e0 DEOPT PACKING pc=0x00000206d6692574 sp=0x0000009f78dfa930
Event: 8.951 Thread 0x00000206e90578e0 DEOPT UNPACKING pc=0x00000206d5f23aa2 sp=0x0000009f78dfa8d8 mode 2
Event: 8.951 Thread 0x00000206e90578e0 Uncommon trap: trap_request=0xffffffde fr.pc=0x00000206d664cdc4 relative=0x0000000000003644
Event: 8.951 Thread 0x00000206e90578e0 Uncommon trap: reason=class_check action=maybe_recompile pc=0x00000206d664cdc4 method=lombok.patcher.PatchScript$MethodPatcher.visitMethod(ILjava/lang/String;Ljava/lang/String;Ljava/lang/String;[Ljava/lang/String;)Lorg/lombokweb/asm/MethodVisitor; @ 101 c
Event: 8.951 Thread 0x00000206e90578e0 DEOPT PACKING pc=0x00000206d664cdc4 sp=0x0000009f78dfa880
Event: 8.951 Thread 0x00000206e90578e0 DEOPT UNPACKING pc=0x00000206d5f23aa2 sp=0x0000009f78dfa8d8 mode 2

Classes loaded (20 events):
Event: 7.917 Loading class java/util/Vector$1
Event: 7.917 Loading class java/util/Vector$1 done
Event: 8.361 Loading class java/util/regex/Pattern$Caret
Event: 8.361 Loading class java/util/regex/Pattern$Caret done
Event: 8.439 Loading class java/util/regex/Pattern$LazyLoop
Event: 8.439 Loading class java/util/regex/Pattern$LazyLoop done
Event: 8.631 Loading class java/util/stream/ReduceOps$4
Event: 8.631 Loading class java/util/stream/ReduceOps$4 done
Event: 8.631 Loading class java/util/stream/ReduceOps$4ReducingSink
Event: 8.631 Loading class java/util/stream/ReduceOps$4ReducingSink done
Event: 8.635 Loading class java/nio/file/Files$2
Event: 8.635 Loading class java/nio/file/Files$2 done
Event: 8.700 Loading class java/util/concurrent/ArrayBlockingQueue
Event: 8.701 Loading class java/util/concurrent/ArrayBlockingQueue done
Event: 8.763 Loading class java/util/Hashtable$ValueCollection
Event: 8.763 Loading class java/util/Hashtable$ValueCollection done
Event: 8.767 Loading class java/util/concurrent/ConcurrentHashMap$KeySpliterator
Event: 8.767 Loading class java/util/concurrent/ConcurrentHashMap$KeySpliterator done
Event: 8.773 Loading class sun/nio/ch/ChannelOutputStream
Event: 8.773 Loading class sun/nio/ch/ChannelOutputStream done

Classes unloaded (7 events):
Event: 3.617 Thread 0x00000206dfb84400 Unloading class 0x00000206811a4400 'java/lang/invoke/LambdaForm$MH+0x00000206811a4400'
Event: 3.617 Thread 0x00000206dfb84400 Unloading class 0x00000206811a4000 'java/lang/invoke/LambdaForm$MH+0x00000206811a4000'
Event: 3.617 Thread 0x00000206dfb84400 Unloading class 0x00000206811a3c00 'java/lang/invoke/LambdaForm$MH+0x00000206811a3c00'
Event: 3.617 Thread 0x00000206dfb84400 Unloading class 0x00000206811a3800 'java/lang/invoke/LambdaForm$MH+0x00000206811a3800'
Event: 3.617 Thread 0x00000206dfb84400 Unloading class 0x00000206811a3400 'java/lang/invoke/LambdaForm$BMH+0x00000206811a3400'
Event: 3.617 Thread 0x00000206dfb84400 Unloading class 0x00000206811a3000 'java/lang/invoke/LambdaForm$DMH+0x00000206811a3000'
Event: 3.617 Thread 0x00000206dfb84400 Unloading class 0x00000206811a1c00 'java/lang/invoke/LambdaForm$DMH+0x00000206811a1c00'

Classes redefined (0 events):
No events

Internal exceptions (20 events):
Event: 7.134 Thread 0x00000206e6fee660 Exception <a 'java/io/FileNotFoundException'{0x00000000eb796850}> (0x00000000eb796850) 
thrown [s\src\hotspot\share\prims\jni.cpp, line 520]
Event: 7.134 Thread 0x00000206e6fee660 Exception <a 'java/io/FileNotFoundException'{0x00000000eb7cbda0}> (0x00000000eb7cbda0) 
thrown [s\src\hotspot\share\prims\jni.cpp, line 520]
Event: 7.135 Thread 0x00000206e6fee660 Exception <a 'java/io/FileNotFoundException'{0x00000000eb7cd068}> (0x00000000eb7cd068) 
thrown [s\src\hotspot\share\prims\jni.cpp, line 520]
Event: 7.136 Thread 0x00000206e6fee660 Exception <a 'java/io/FileNotFoundException'{0x00000000eb7ce090}> (0x00000000eb7ce090) 
thrown [s\src\hotspot\share\prims\jni.cpp, line 520]
Event: 7.147 Thread 0x00000206e6ff1ae0 Implicit null exception at 0x00000206d6755d5a to 0x00000206d6755e58
Event: 7.336 Thread 0x00000206e991c940 Exception <a 'java/lang/IncompatibleClassChangeError'{0x00000000eb693e48}: Found class java.lang.Object, but interface was expected> (0x00000000eb693e48) 
thrown [s\src\hotspot\share\interpreter\linkResolver.cpp, line 840]
Event: 7.452 Thread 0x00000206e6fee660 Exception <a 'java/lang/NoSuchMethodError'{0x00000000ebb33d48}: 'int java.lang.invoke.DirectMethodHandle$Holder.invokeSpecialIFC(java.lang.Object, java.lang.Object, java.lang.Object, java.lang.Object)'> (0x00000000ebb33d48) 
thrown [s\src\hotspot\share\interpreter\linkResolver.cpp, line 773]
Event: 7.486 Thread 0x00000206e6fee660 Exception <a 'sun/nio/fs/WindowsException'{0x00000000eadcb6e0}> (0x00000000eadcb6e0) 
thrown [s\src\hotspot\share\prims\jni.cpp, line 520]
Event: 7.497 Thread 0x00000206e6fee660 Exception <a 'sun/nio/fs/WindowsException'{0x00000000eaff3838}> (0x00000000eaff3838) 
thrown [s\src\hotspot\share\prims\jni.cpp, line 520]
Event: 7.502 Thread 0x00000206e6fee660 Exception <a 'sun/nio/fs/WindowsException'{0x00000000eaff9f20}> (0x00000000eaff9f20) 
thrown [s\src\hotspot\share\prims\jni.cpp, line 520]
Event: 7.505 Thread 0x00000206e6fee660 Exception <a 'sun/nio/fs/WindowsException'{0x00000000eb19c358}> (0x00000000eb19c358) 
thrown [s\src\hotspot\share\prims\jni.cpp, line 520]
Event: 7.509 Thread 0x00000206e6fee660 Exception <a 'sun/nio/fs/WindowsException'{0x00000000eb1a33a0}> (0x00000000eb1a33a0) 
thrown [s\src\hotspot\share\prims\jni.cpp, line 520]
Event: 7.512 Thread 0x00000206e6fee660 Exception <a 'sun/nio/fs/WindowsException'{0x00000000eb1aa578}> (0x00000000eb1aa578) 
thrown [s\src\hotspot\share\prims\jni.cpp, line 520]
Event: 7.516 Thread 0x00000206e6fee660 Exception <a 'sun/nio/fs/WindowsException'{0x00000000eb2e0cf0}> (0x00000000eb2e0cf0) 
thrown [s\src\hotspot\share\prims\jni.cpp, line 520]
Event: 7.520 Thread 0x00000206e6fee660 Exception <a 'sun/nio/fs/WindowsException'{0x00000000eb2e7d68}> (0x00000000eb2e7d68) 
thrown [s\src\hotspot\share\prims\jni.cpp, line 520]
Event: 7.525 Thread 0x00000206e6fee660 Exception <a 'sun/nio/fs/WindowsException'{0x00000000eb456cd8}> (0x00000000eb456cd8) 
thrown [s\src\hotspot\share\prims\jni.cpp, line 520]
Event: 7.529 Thread 0x00000206e6fee660 Exception <a 'sun/nio/fs/WindowsException'{0x00000000eb45d8e8}> (0x00000000eb45d8e8) 
thrown [s\src\hotspot\share\prims\jni.cpp, line 520]
Event: 7.705 Thread 0x00000206e6ff1ae0 Implicit null exception at 0x00000206d67b1fd0 to 0x00000206d67b252c
Event: 8.637 Thread 0x00000206e6fee660 Exception <a 'java/lang/NoSuchMethodError'{0x00000000eaf438f0}: 'int java.lang.invoke.DirectMethodHandle$Holder.invokeSpecialIFC(java.lang.Object, java.lang.Object, java.lang.Object)'> (0x00000000eaf438f0) 
thrown [s\src\hotspot\share\interpreter\linkResolver.cpp, line 773]
Event: 8.770 Thread 0x00000206e6fee660 Exception <a 'java/lang/NoSuchMethodError'{0x00000000eb25a0f0}: 'java.lang.Object java.lang.invoke.DirectMethodHandle$Holder.newInvokeSpecial(java.lang.Object, java.lang.Object, int, int, java.lang.Object)'> (0x00000000eb25a0f0) 
thrown [s\src\hotspot\share\interpreter\linkResolver.cpp, line 773]

ZGC Phase Switch (0 events):
No events

VM Operations (20 events):
Event: 8.663 Executing VM operation: ParallelGCFailedAllocation (Allocation Failure)
Event: 8.666 Executing VM operation: ParallelGCFailedAllocation (Allocation Failure) done
Event: 8.703 Executing VM operation: ParallelGCFailedAllocation (Allocation Failure)
Event: 8.706 Executing VM operation: ParallelGCFailedAllocation (Allocation Failure) done
Event: 8.743 Executing VM operation: ParallelGCFailedAllocation (Allocation Failure)
Event: 8.745 Executing VM operation: ParallelGCFailedAllocation (Allocation Failure) done
Event: 8.780 Executing VM operation: ParallelGCFailedAllocation (Allocation Failure)
Event: 8.783 Executing VM operation: ParallelGCFailedAllocation (Allocation Failure) done
Event: 8.846 Executing VM operation: ParallelGCFailedAllocation (Allocation Failure)
Event: 8.851 Executing VM operation: ParallelGCFailedAllocation (Allocation Failure) done
Event: 8.884 Executing VM operation: ParallelGCFailedAllocation (Allocation Failure)
Event: 8.902 Executing VM operation: ParallelGCFailedAllocation (Allocation Failure) done
Event: 8.923 Executing VM operation: ParallelGCFailedAllocation (Allocation Failure)
Event: 8.927 Executing VM operation: ParallelGCFailedAllocation (Allocation Failure) done
Event: 8.943 Executing VM operation: ParallelGCFailedAllocation (Allocation Failure)
Event: 8.945 Executing VM operation: ParallelGCFailedAllocation (Allocation Failure) done
Event: 8.964 Executing VM operation: ParallelGCFailedAllocation (Allocation Failure)
Event: 8.967 Executing VM operation: ParallelGCFailedAllocation (Allocation Failure) done
Event: 8.989 Executing VM operation: ParallelGCFailedAllocation (Allocation Failure)
Event: 8.993 Executing VM operation: ParallelGCFailedAllocation (Allocation Failure) done

Memory protections (0 events):
No events

Nmethod flushes (20 events):
Event: 4.853 Thread 0x00000206dfb84400 flushing  nmethod 0x00000206cefb4290
Event: 4.853 Thread 0x00000206dfb84400 flushing  nmethod 0x00000206cefcd890
Event: 4.853 Thread 0x00000206dfb84400 flushing  nmethod 0x00000206cefcfa90
Event: 4.853 Thread 0x00000206dfb84400 flushing  nmethod 0x00000206cefd2890
Event: 4.853 Thread 0x00000206dfb84400 flushing  nmethod 0x00000206cefd3110
Event: 4.853 Thread 0x00000206dfb84400 flushing  nmethod 0x00000206cefdea90
Event: 4.853 Thread 0x00000206dfb84400 flushing  nmethod 0x00000206cf00c710
Event: 4.853 Thread 0x00000206dfb84400 flushing  nmethod 0x00000206cf00cb10
Event: 4.853 Thread 0x00000206dfb84400 flushing  nmethod 0x00000206cf00d410
Event: 4.853 Thread 0x00000206dfb84400 flushing  nmethod 0x00000206cf00e610
Event: 4.853 Thread 0x00000206dfb84400 flushing  nmethod 0x00000206cf011a90
Event: 4.853 Thread 0x00000206dfb84400 flushing  nmethod 0x00000206cf013790
Event: 4.853 Thread 0x00000206dfb84400 flushing  nmethod 0x00000206cf013c90
Event: 4.853 Thread 0x00000206dfb84400 flushing  nmethod 0x00000206cf015990
Event: 4.853 Thread 0x00000206dfb84400 flushing  nmethod 0x00000206cf015e10
Event: 4.853 Thread 0x00000206dfb84400 flushing  nmethod 0x00000206cf01fe90
Event: 4.853 Thread 0x00000206dfb84400 flushing  nmethod 0x00000206cf05ee90
Event: 4.853 Thread 0x00000206dfb84400 flushing  nmethod 0x00000206cf05f190
Event: 4.853 Thread 0x00000206dfb84400 flushing  nmethod 0x00000206cf0a2d90
Event: 4.853 Thread 0x00000206dfb84400 flushing  nmethod 0x00000206cf117690

Events (20 events):
Event: 7.571 Thread 0x00000206e6fee660 Thread added: 0x00000206e9922520
Event: 7.571 Thread 0x00000206e9921800 Thread added: 0x00000206e9922bb0
Event: 7.572 Thread 0x00000206e9922520 Thread added: 0x00000206e9923240
Event: 7.572 Thread 0x00000206e9922bb0 Thread added: 0x00000206e905a040
Event: 7.572 Thread 0x00000206e9923240 Thread added: 0x00000206e905c110
Event: 7.572 Thread 0x00000206e9921e90 Thread added: 0x00000206e905a6d0
Event: 7.572 Thread 0x00000206e6fee660 Thread added: 0x00000206e905c7a0
Event: 7.573 Thread 0x00000206e6fee660 Thread added: 0x00000206e9057f70
Event: 8.605 Thread 0x00000206e6ff3520 Thread exited: 0x00000206e6ff3520
Event: 8.701 Thread 0x00000206e6fee660 Thread added: 0x00000206e90578e0
Event: 8.771 Thread 0x00000206e6fee660 Thread added: 0x00000206e905ad60
Event: 8.776 Thread 0x00000206e6fee660 Thread added: 0x00000206e905ce30
Event: 8.776 Thread 0x00000206e6fee660 Thread added: 0x00000206e9057250
Event: 8.788 Thread 0x00000206e6fee660 Thread added: 0x00000206e9058600
Event: 8.797 Thread 0x00000206e6fee660 Thread added: 0x00000206e905b3f0
Event: 8.801 Thread 0x00000206e6fee660 Thread added: 0x00000206e9056bc0
Event: 8.801 Thread 0x00000206e6fee660 Thread added: 0x00000206e905d4c0
Event: 8.804 Thread 0x00000206e6fee660 Thread added: 0x00000206e905ba80
Event: 8.804 Thread 0x00000206e6fee660 Thread added: 0x00000206e9056530
Event: 8.839 Thread 0x00000206e6fee660 Thread added: 0x00000206e9058c90


Dynamic libraries:
0x00007ff777450000 - 0x00007ff77745e000 	c:\Users\Nonev3\.vscode\extensions\redhat.java-1.42.0-win32-x64\jre\21.0.7-win32-x86_64\bin\java.exe
0x00007fffd6d50000 - 0x00007fffd6f48000 	C:\Windows\SYSTEM32\ntdll.dll
0x00007fffd4d80000 - 0x00007fffd4e42000 	C:\Windows\System32\KERNEL32.DLL
0x00007fffd4580000 - 0x00007fffd4876000 	C:\Windows\System32\KERNELBASE.dll
0x00007fffd4920000 - 0x00007fffd4a20000 	C:\Windows\System32\ucrtbase.dll
0x00007fffc5080000 - 0x00007fffc509e000 	c:\Users\Nonev3\.vscode\extensions\redhat.java-1.42.0-win32-x64\jre\21.0.7-win32-x86_64\bin\VCRUNTIME140.dll
0x00007fffc2cb0000 - 0x00007fffc2cc8000 	c:\Users\Nonev3\.vscode\extensions\redhat.java-1.42.0-win32-x64\jre\21.0.7-win32-x86_64\bin\jli.dll
0x00007fffd6b70000 - 0x00007fffd6d0d000 	C:\Windows\System32\USER32.dll
0x00007fffbecc0000 - 0x00007fffbef5a000 	C:\Windows\WinSxS\amd64_microsoft.windows.common-controls_6595b64144ccf1df_6.0.19041.5794_none_60bcd33171f2783c\COMCTL32.dll
0x00007fffd4bd0000 - 0x00007fffd4bf2000 	C:\Windows\System32\win32u.dll
0x00007fffd6440000 - 0x00007fffd646b000 	C:\Windows\System32\GDI32.dll
0x00007fffd62d0000 - 0x00007fffd636e000 	C:\Windows\System32\msvcrt.dll
0x00007fffd4ab0000 - 0x00007fffd4bca000 	C:\Windows\System32\gdi32full.dll
0x00007fffd4880000 - 0x00007fffd491d000 	C:\Windows\System32\msvcp_win.dll
0x00007fffd6ad0000 - 0x00007fffd6aff000 	C:\Windows\System32\IMM32.DLL
0x00007fffc2dc0000 - 0x00007fffc2dcc000 	c:\Users\Nonev3\.vscode\extensions\redhat.java-1.42.0-win32-x64\jre\21.0.7-win32-x86_64\bin\vcruntime140_1.dll
0x00007fff8d0a0000 - 0x00007fff8d12d000 	c:\Users\Nonev3\.vscode\extensions\redhat.java-1.42.0-win32-x64\jre\21.0.7-win32-x86_64\bin\msvcp140.dll
0x00007fff2adb0000 - 0x00007fff2bb40000 	c:\Users\Nonev3\.vscode\extensions\redhat.java-1.42.0-win32-x64\jre\21.0.7-win32-x86_64\bin\server\jvm.dll
0x00007fffd6470000 - 0x00007fffd651f000 	C:\Windows\System32\ADVAPI32.dll
0x00007fffd4e50000 - 0x00007fffd4eef000 	C:\Windows\System32\sechost.dll
0x00007fffd5090000 - 0x00007fffd51b3000 	C:\Windows\System32\RPCRT4.dll
0x00007fffd43f0000 - 0x00007fffd4417000 	C:\Windows\System32\bcrypt.dll
0x00007fffd6b00000 - 0x00007fffd6b6b000 	C:\Windows\System32\WS2_32.dll
0x00007fffd3bc0000 - 0x00007fffd3c0b000 	C:\Windows\SYSTEM32\POWRPROF.dll
0x00007fffc8c50000 - 0x00007fffc8c77000 	C:\Windows\SYSTEM32\WINMM.dll
0x00007fffc9650000 - 0x00007fffc965a000 	C:\Windows\SYSTEM32\VERSION.dll
0x00007fffd3b80000 - 0x00007fffd3b92000 	C:\Windows\SYSTEM32\UMPDC.dll
0x00007fffd2290000 - 0x00007fffd22a2000 	C:\Windows\SYSTEM32\kernel.appcore.dll
0x00007fffbef60000 - 0x00007fffbef6a000 	c:\Users\Nonev3\.vscode\extensions\redhat.java-1.42.0-win32-x64\jre\21.0.7-win32-x86_64\bin\jimage.dll
0x00007fffcbf40000 - 0x00007fffcc141000 	C:\Windows\SYSTEM32\DBGHELP.DLL
0x00007fffbf0b0000 - 0x00007fffbf0e4000 	C:\Windows\SYSTEM32\dbgcore.DLL
0x00007fffd4a20000 - 0x00007fffd4aa2000 	C:\Windows\System32\bcryptPrimitives.dll
0x00007fffb8510000 - 0x00007fffb851f000 	c:\Users\Nonev3\.vscode\extensions\redhat.java-1.42.0-win32-x64\jre\21.0.7-win32-x86_64\bin\instrument.dll
0x00007fffb4360000 - 0x00007fffb437f000 	c:\Users\Nonev3\.vscode\extensions\redhat.java-1.42.0-win32-x64\jre\21.0.7-win32-x86_64\bin\java.dll
0x00007fffd5660000 - 0x00007fffd5dce000 	C:\Windows\System32\SHELL32.dll
0x00007fffd2490000 - 0x00007fffd2c33000 	C:\Windows\SYSTEM32\windows.storage.dll
0x00007fffd51c0000 - 0x00007fffd5513000 	C:\Windows\System32\combase.dll
0x00007fffd3e20000 - 0x00007fffd3e4b000 	C:\Windows\SYSTEM32\Wldp.dll
0x00007fffd6370000 - 0x00007fffd643d000 	C:\Windows\System32\OLEAUT32.dll
0x00007fffd4f00000 - 0x00007fffd4fad000 	C:\Windows\System32\SHCORE.dll
0x00007fffd6a70000 - 0x00007fffd6ac5000 	C:\Windows\System32\shlwapi.dll
0x00007fffd4320000 - 0x00007fffd4345000 	C:\Windows\SYSTEM32\profapi.dll
0x00007fffb4240000 - 0x00007fffb4258000 	c:\Users\Nonev3\.vscode\extensions\redhat.java-1.42.0-win32-x64\jre\21.0.7-win32-x86_64\bin\zip.dll
0x00007fffb5100000 - 0x00007fffb5110000 	C:\Users\Nonev3\.vscode\extensions\redhat.java-1.42.0-win32-x64\jre\21.0.7-win32-x86_64\bin\net.dll
0x00007fffcd640000 - 0x00007fffcd74a000 	C:\Windows\SYSTEM32\WINHTTP.dll
0x00007fffd3b10000 - 0x00007fffd3b7c000 	C:\Windows\system32\mswsock.dll
0x00007fffae820000 - 0x00007fffae836000 	C:\Users\Nonev3\.vscode\extensions\redhat.java-1.42.0-win32-x64\jre\21.0.7-win32-x86_64\bin\nio.dll
0x00007fffb0310000 - 0x00007fffb0320000 	c:\Users\Nonev3\.vscode\extensions\redhat.java-1.42.0-win32-x64\jre\21.0.7-win32-x86_64\bin\verify.dll
0x00007fffa35a0000 - 0x00007fffa35e5000 	C:\Users\Nonev3\AppData\Roaming\Code\User\globalStorage\redhat.java\1.42.0\config_win\org.eclipse.equinox.launcher\org.eclipse.equinox.launcher.win32.win32.x86_64_1.2.1300.v20250331-1702\eclipse_11911.dll
0x00007fffd5f80000 - 0x00007fffd60ab000 	C:\Windows\System32\ole32.dll
0x00007fffd3d70000 - 0x00007fffd3d88000 	C:\Windows\SYSTEM32\CRYPTSP.dll
0x00007fffd33d0000 - 0x00007fffd3408000 	C:\Windows\system32\rsaenh.dll
0x00007fffd42e0000 - 0x00007fffd430e000 	C:\Windows\SYSTEM32\USERENV.dll
0x00007fffd3d90000 - 0x00007fffd3d9c000 	C:\Windows\SYSTEM32\CRYPTBASE.dll
0x00007fffd37f0000 - 0x00007fffd382b000 	C:\Windows\SYSTEM32\IPHLPAPI.DLL
0x00007fffd5520000 - 0x00007fffd5528000 	C:\Windows\System32\NSI.dll
0x00007fffa0090000 - 0x00007fffa00d9000 	C:\Users\Nonev3\AppData\Local\Temp\jna--1956004907\jna12315471362207896319.dll
0x00007fffd4ef0000 - 0x00007fffd4ef8000 	C:\Windows\System32\PSAPI.DLL
0x00007fffce9d0000 - 0x00007fffce9e7000 	C:\Windows\SYSTEM32\dhcpcsvc6.DLL
0x00007fffce900000 - 0x00007fffce91d000 	C:\Windows\SYSTEM32\dhcpcsvc.DLL

dbghelp: loaded successfully - version: 4.0.5 - missing functions: none
symbol engine: initialized successfully - sym options: 0x614 - pdb path: .;c:\Users\Nonev3\.vscode\extensions\redhat.java-1.42.0-win32-x64\jre\21.0.7-win32-x86_64\bin;C:\Windows\SYSTEM32;C:\Windows\WinSxS\amd64_microsoft.windows.common-controls_6595b64144ccf1df_6.0.19041.5794_none_60bcd33171f2783c;c:\Users\Nonev3\.vscode\extensions\redhat.java-1.42.0-win32-x64\jre\21.0.7-win32-x86_64\bin\server;C:\Users\Nonev3\AppData\Roaming\Code\User\globalStorage\redhat.java\1.42.0\config_win\org.eclipse.equinox.launcher\org.eclipse.equinox.launcher.win32.win32.x86_64_1.2.1300.v20250331-1702;C:\Users\Nonev3\AppData\Local\Temp\jna--1956004907

VM Arguments:
jvm_args: --add-modules=ALL-SYSTEM --add-opens=java.base/java.util=ALL-UNNAMED --add-opens=java.base/java.lang=ALL-UNNAMED --add-opens=java.base/sun.nio.fs=ALL-UNNAMED -Declipse.application=org.eclipse.jdt.ls.core.id1 -Dosgi.bundles.defaultStartLevel=4 -Declipse.product=org.eclipse.jdt.ls.core.product -Djava.import.generatesMetadataFilesAtProjectRoot=false -DDetectVMInstallationsJob.disabled=true -Dfile.encoding=utf8 -XX:+UseParallelGC -XX:GCTimeRatio=4 -XX:AdaptiveSizePolicyWeight=90 -Dsun.zip.disableMemoryMapping=true -Xmx1G -Xms100m -Xlog:disable -javaagent:c:\Users\Nonev3\.vscode\extensions\redhat.java-1.42.0-win32-x64\lombok\lombok-1.18.36.jar -XX:+HeapDumpOnOutOfMemoryError -XX:HeapDumpPath=c:\Users\Nonev3\AppData\Roaming\Code\User\workspaceStorage\797e0d315ea8daf1fa5f76b0f1fb882b\redhat.java -Daether.dependencyCollector.impl=bf 
java_command: c:\Users\Nonev3\.vscode\extensions\redhat.java-1.42.0-win32-x64\server\plugins\org.eclipse.equinox.launcher_1.7.0.v20250424-1814.jar -configuration c:\Users\Nonev3\AppData\Roaming\Code\User\globalStorage\redhat.java\1.42.0\config_win -data c:\Users\Nonev3\AppData\Roaming\Code\User\workspaceStorage\797e0d315ea8daf1fa5f76b0f1fb882b\redhat.java\jdt_ws --pipe=\\.\pipe\lsp-96d372f256608938989b4b628d2d9288-sock
java_class_path (initial): c:\Users\Nonev3\.vscode\extensions\redhat.java-1.42.0-win32-x64\server\plugins\org.eclipse.equinox.launcher_1.7.0.v20250424-1814.jar
Launcher Type: SUN_STANDARD

[Global flags]
    uintx AdaptiveSizePolicyWeight                 = 90                                        {product} {command line}
     intx CICompilerCount                          = 4                                         {product} {ergonomic}
    uintx GCTimeRatio                              = 4                                         {product} {command line}
     bool HeapDumpOnOutOfMemoryError               = true                                   {manageable} {command line}
    ccstr HeapDumpPath                             = c:\Users\Nonev3\AppData\Roaming\Code\User\workspaceStorage\797e0d315ea8daf1fa5f76b0f1fb882b\redhat.java         {manageable} {command line}
   size_t InitialHeapSize                          = 104857600                                 {product} {command line}
   size_t MaxHeapSize                              = 1073741824                                {product} {command line}
   size_t MaxNewSize                               = 357564416                                 {product} {ergonomic}
   size_t MinHeapDeltaBytes                        = 524288                                    {product} {ergonomic}
   size_t MinHeapSize                              = 104857600                                 {product} {command line}
   size_t NewSize                                  = 34603008                                  {product} {ergonomic}
    uintx NonNMethodCodeHeapSize                   = 5839372                                {pd product} {ergonomic}
    uintx NonProfiledCodeHeapSize                  = 122909434                              {pd product} {ergonomic}
   size_t OldSize                                  = 70254592                                  {product} {ergonomic}
    uintx ProfiledCodeHeapSize                     = 122909434                              {pd product} {ergonomic}
    uintx ReservedCodeCacheSize                    = 251658240                              {pd product} {ergonomic}
     bool SegmentedCodeCache                       = true                                      {product} {ergonomic}
   size_t SoftMaxHeapSize                          = 1073741824                             {manageable} {ergonomic}
     bool UseCompressedOops                        = true                           {product lp64_product} {ergonomic}
     bool UseLargePagesIndividualAllocation        = false                                  {pd product} {ergonomic}
     bool UseParallelGC                            = true                                      {product} {command line}

Logging:
Log output configuration:
 #0: stdout all=off uptime,level,tags foldmultilines=false
 #1: stderr all=off uptime,level,tags foldmultilines=false

Environment Variables:
JAVA_HOME=C:\Program Files\Eclipse Foundation\jdk-16.0.2.7-hotspot\
PATH=C:\Program Files (x86)\Common Files\Oracle\Java\java8path;C:\Program Files (x86)\Common Files\Oracle\Java\javapath;C:\Program Files\Python312\Scripts\;C:\Program Files\Python312\;C:\ProgramData\Oracle\Java\javapath;C:\Program Files\Eclipse Foundation\jdk-16.0.2.7-hotspot\bin;C:\Program Files (x86)\Razer Chroma SDK\bin;C:\Program Files\Razer Chroma SDK\bin;C:\Program Files (x86)\Razer\ChromaBroadcast\bin;C:\Program Files\Razer\ChromaBroadcast\bin;C:\Windows\system32;C:\Windows;C:\Windows\System32\Wbem;C:\Windows\System32\WindowsPowerShell\v1.0\;C:\Windows\System32\OpenSSH\;C:\Program Files\nodejs\;C:\Windows\system32\config\systemprofile\AppData\Local\Microsoft\WindowsApps;C:\Users\Nonev3\AppData\Local\Microsoft\WindowsApps;C:\Users\Nonev3\AppData\Roaming\npm;C:\Users\Nonev3\AppData\Local\Programs\Microsoft VS Code\bin;C:\Users\Nonev3\AppData\Local\GitHubDesktop\bin;C:\MinGw\mingw32\bin;C:\Program Files\PuTTY\;C:\Program Files\Tailscale\;C:\Program Files\dotnet\;C:\Users\Nonev3\AppData\Local\Microsoft\WindowsApps;C:\Users\Nonev3\AppData\Roaming\npm;C:\Users\Nonev3\AppData\Local\Programs\Microsoft VS Code\bin;C:\Users\Nonev3\AppData\Local\GitHubDesktop\bin;
USERNAME=Nonev3
OS=Windows_NT
PROCESSOR_IDENTIFIER=AMD64 Family 23 Model 8 Stepping 2, AuthenticAMD
TMP=C:\Users\Nonev3\AppData\Local\Temp
TEMP=C:\Users\Nonev3\AppData\Local\Temp




Periodic native trim disabled

---------------  S Y S T E M  ---------------

OS:
 Windows 10 , 64 bit Build 19041 (10.0.19041.5794)
OS uptime: 1 days 0:53 hours

CPU: total 12 (initial active 12) (12 cores per cpu, 2 threads per core) family 23 model 8 stepping 2 microcode 0x0, cx8, cmov, fxsr, ht, mmx, 3dnowpref, sse, sse2, sse3, ssse3, sse4a, sse4.1, sse4.2, popcnt, lzcnt, tsc, tscinvbit, avx, avx2, aes, clmul, bmi1, bmi2, adx, sha, fma, vzeroupper, clflush, clflushopt, rdtscp, f16c
Processor Information for the first 12 processors :
  Max Mhz: 3400, Current Mhz: 3400, Mhz Limit: 3400

Memory: 4k page, system-wide physical 16328M (4765M free)
TotalPageFile size 24264M (AvailPageFile size 5055M)
current process WorkingSet (physical memory assigned to process): 374M, peak: 374M
current process commit charge ("private bytes"): 392M, peak: 392M

vm_info: OpenJDK 64-Bit Server VM (21.0.7+6-LTS) for windows-amd64 JRE (21.0.7+6-LTS), built on 2025-04-15T00:00:00Z by "admin" with MS VC++ 17.7 (VS2022)

END.
